<?xml version="1.0" encoding="UTF-8"?>
<!-- Generated by org.testng.reporters.JUnitReportReporter -->
<testsuite hostname="DESKTOP-HSU04EJ" failures="0" tests="1" name="testcases.LoginTest" time="18.321" errors="0" timestamp="2024-04-30T16:10:36 IST" skipped="0">
  <testcase classname="testcases.LoginTest" name="loginTest" time="18.321"/>
</testsuite> <!-- testcases.LoginTest -->
